"../../../Engine/Content/EditorBlueprintResources/StandardMacros.uasset" 0
"../../../PsychoPass/Content/AnimationAssets/UE4_Mannequin/Mesh/UE4_Mannequin_Skeleton.uasset" 1
"../../../PsychoPass/Content/AnimationAssets/Death_3.uasset" 2
"../../../PsychoPass/Content/Blueprints/EnemyAI.uasset" 3
"../../../PsychoPass/Content/Blueprints/Idamagable.uasset" 4
"../../../Engine/Content/Functions/Engine_MaterialFunctions02/Utility/BlendAngleCorrectedNormals.uasset" 5
"../../../Engine/Content/Functions/MaterialLayerFunctions/MatLayerBlend_AO.uasset" 6
"../../../Engine/Content/Functions/MaterialLayerFunctions/MatLayerBlend_NormalBlend.uasset" 7
"../../../Engine/Content/Functions/MaterialLayerFunctions/MatLayerBlend_Simple.uasset" 8
"../../../PsychoPass/Content/AnimationAssets/UE4_Mannequin/Materials/MaterialLayers/T_ML_Rubber_Blue_01_D.uasset" 9
"../../../PsychoPass/Content/AnimationAssets/UE4_Mannequin/Materials/MaterialLayers/T_ML_Rubber_Blue_01_N.uasset" 10
"../../../PsychoPass/Content/AnimationAssets/UE4_Mannequin/Materials/MaterialLayers/ML_GlossyBlack_Latex_UE4.uasset" 11
"../../../PsychoPass/Content/AnimationAssets/UE4_Mannequin/Materials/MaterialLayers/ML_Plastic_Shiny_Beige.uasset" 12
"../../../PsychoPass/Content/AnimationAssets/UE4_Mannequin/Textures/UE4_LOGO_CARD.uasset" 13
"../../../PsychoPass/Content/AnimationAssets/UE4_Mannequin/Materials/MaterialLayers/ML_Plastic_Shiny_Beige_LOGO.uasset" 14
"../../../PsychoPass/Content/AnimationAssets/UE4_Mannequin/Materials/MaterialLayers/T_ML_Aluminum01.uasset" 15
"../../../PsychoPass/Content/AnimationAssets/UE4_Mannequin/Materials/MaterialLayers/T_ML_Aluminum01_N.uasset" 16
"../../../PsychoPass/Content/AnimationAssets/UE4_Mannequin/Materials/MaterialLayers/ML_SoftMetal_UE4.uasset" 17
"../../../PsychoPass/Content/AnimationAssets/UE4_Mannequin/Textures/UE4_Mannequin__normals.uasset" 18
"../../../PsychoPass/Content/AnimationAssets/UE4_Mannequin/Textures/UE4_Mannequin_MAT_MASKA.uasset" 19
"../../../PsychoPass/Content/AnimationAssets/UE4_Mannequin/Textures/UE4_Mannequin_occlusion_Mobile.uasset" 20
"../../../PsychoPass/Content/AnimationAssets/UE4_Mannequin/Materials/M_UE4Man_Body.uasset" 21
"../../../PsychoPass/Content/AnimationAssets/UE4_Mannequin/Textures/UE4Man_Logo_N.uasset" 22
"../../../PsychoPass/Content/AnimationAssets/UE4_Mannequin/Materials/M_UE4Man_ChestLogo.uasset" 23
"../../../PsychoPass/Content/AnimationAssets/UE4_Mannequin/Mesh/SK_Mannequin_PhysicsAsset.uasset" 24
"../../../PsychoPass/Content/AnimationAssets/UE4_Mannequin/Mesh/SK_Mannequin.uasset" 25
"../../../PsychoPass/Content/Blueprints/EnemyCharacter.uasset" 26
"../../../PsychoPass/Content/Blueprints/MaterialComponent.uasset" 27
"../../../PsychoPass/Content/Materials/Mat_Lazer.uasset" 28
"../../../Engine/Content/Functions/Engine_MaterialFunctions01/Opacity/CameraDepthFade.uasset" 29
"../../../Engine/Content/EngineMaterials/T_Default_Material_Grid_M.uasset" 30
"../../../Engine/Content/EngineMaterials/T_Default_Material_Grid_N.uasset" 31
"../../../Engine/Content/EngineMaterials/DefaultMaterial.uasset" 32
"../../../Engine/Content/BasicShapes/Sphere.uasset" 33
"../../../PsychoPass/Content/StarterContent/Textures/T_Burst_M.uasset" 34
"../../../PsychoPass/Content/StarterContent/Particles/Materials/M_Burst.uasset" 35
"../../../PsychoPass/Content/StarterContent/Textures/T_Explosion_SubUV.uasset" 36
"../../../PsychoPass/Content/StarterContent/Particles/Materials/M_explosion_subUV.uasset" 37
"../../../PsychoPass/Content/StarterContent/Particles/Materials/m_flare_01.uasset" 38
"../../../Engine/Content/Functions/Engine_MaterialFunctions01/Gradient/RadialGradient.uasset" 39
"../../../PsychoPass/Content/StarterContent/Particles/Materials/M_radial_ramp.uasset" 40
"../../../PsychoPass/Content/StarterContent/Textures/T_Smoke_SubUV.uasset" 41
"../../../PsychoPass/Content/StarterContent/Textures/T_Smoke_Tiled_D.uasset" 42
"../../../PsychoPass/Content/StarterContent/Particles/Materials/M_smoke_subUV.uasset" 43
"../../../PsychoPass/Content/StarterContent/Particles/P_Explosion.uasset" 44
"../../../PsychoPass/Content/Blueprints/Grenade.uasset" 45
"../../../Engine/Content/EngineMaterials/WorldGridMaterial.uasset" 46
"../../../Engine/Content/BasicShapes/Cube.uasset" 47
"../../../PsychoPass/Content/Blueprints/LazerProjectile.uasset" 48
"../../../Engine/Content/Functions/Engine_MaterialFunctions01/Shading/MetallicShading.uasset" 49
"../../../PsychoPass/Content/FPWeapon/Materials/MF_BaseColorTintAndContrast.uasset" 50
"../../../PsychoPass/Content/FPWeapon/Materials/MF_RoughnessAdjustment.uasset" 51
"../../../PsychoPass/Content/FPWeapon/Materials/MaterialLayers/T_ML_FineRubber.uasset" 52
"../../../PsychoPass/Content/FPWeapon/Materials/MaterialLayers/T_ML_Rubber_Blue_01_D.uasset" 53
"../../../PsychoPass/Content/FPWeapon/Materials/MaterialLayers/T_ML_Rubber_Blue_01_N.uasset" 54
"../../../PsychoPass/Content/FPWeapon/Textures/UE4_Mannequin_occlusion_Mobile.uasset" 55
"../../../PsychoPass/Content/FPWeapon/Materials/MaterialLayers/ML_GlossyBlack_Latex_UE4.uasset" 56
"../../../PsychoPass/Content/FPWeapon/Materials/MaterialLayers/ML_Plastic_Shiny_Beige.uasset" 57
"../../../PsychoPass/Content/FPWeapon/Textures/UE4_LOGO_CARD.uasset" 58
"../../../PsychoPass/Content/FPWeapon/Materials/MaterialLayers/ML_Plastic_Shiny_Beige_LOGO.uasset" 59
"../../../PsychoPass/Content/FPWeapon/Materials/MaterialLayers/T_ML_Aluminum01.uasset" 60
"../../../PsychoPass/Content/FPWeapon/Materials/MaterialLayers/T_ML_Aluminum01_N.uasset" 61
"../../../PsychoPass/Content/FPWeapon/Materials/MaterialLayers/ML_SoftMetal_UE4.uasset" 62
"../../../PsychoPass/Content/FPWeapon/Textures/T_FPGun_AO.uasset" 63
"../../../PsychoPass/Content/FPWeapon/Textures/T_FPGun_M.uasset" 64
"../../../PsychoPass/Content/FPWeapon/Textures/T_FPGun_N.uasset" 65
"../../../PsychoPass/Content/FPWeapon/Materials/M_FPGun.uasset" 66
"../../../PsychoPass/Content/FPWeapon/Materials/MI_FPGun.uasset" 67
"../../../PsychoPass/Content/FPWeapon/Mesh/SK_FPGun_PhysicsAsset.uasset" 68
"../../../PsychoPass/Content/FPWeapon/Mesh/SK_FPGun_Skeleton.uasset" 69
"../../../PsychoPass/Content/FPWeapon/Mesh/SK_FPGun.uasset" 70
"../../../PsychoPass/Content/Blueprints/Weapon_1.uasset" 71
"../../../PsychoPass/Content/Blueprints/HeroCharacter.uasset" 72
"../../../PsychoPass/Content/Blueprints/TwinStickMode.uasset" 73
"../../../Engine/Content/BasicShapes/Cone.uasset" 74
"../../../Engine/Content/BasicShapes/Cylinder.uasset" 75
"../../../Engine/Content/BasicShapes/Plane.uasset" 76
"../../../Engine/Content/EditorLandscapeResources/DataLayer.uasset" 77
"../../../Engine/Content/EditorMaterials/GizmoMaterial.uasset" 78
"../../../Engine/Content/EditorMaterials/MAT_Groups_Toggle.uasset" 79
"../../../Engine/Content/EditorMaterials/MAT_Groups_Visibility.uasset" 80
"../../../Engine/Content/EditorMaterials/PreviewShadowIndicator.uasset" 81
"../../../Engine/Content/EditorMaterials/PreviewShadowIndicatorMaterial.uasset" 82
"../../../Engine/Content/EditorMaterials/AssetViewer/EpicQuadPanorama_CC+EV1.uasset" 83
"../../../Engine/Content/EditorMaterials/MatineeGroups/MAT_ColorTrack.uasset" 84
"../../../Engine/Content/EditorMaterials/MatineeGroups/MAT_Groups_Anim.uasset" 85
"../../../Engine/Content/EditorMaterials/MatineeGroups/MAT_Groups_AudioMaster.uasset" 86
"../../../Engine/Content/EditorMaterials/MatineeGroups/MAT_Groups_Director.uasset" 87
"../../../Engine/Content/EditorMaterials/MatineeGroups/MAT_Groups_Event.uasset" 88
"../../../Engine/Content/EditorMaterials/MatineeGroups/MAT_Groups_Fade.uasset" 89
"../../../Engine/Content/EditorMaterials/MatineeGroups/MAT_Groups_Float.uasset" 90
"../../../Engine/Content/EditorMaterials/MatineeGroups/MAT_Groups_Move.uasset" 91
"../../../Engine/Content/EditorMaterials/MatineeGroups/MAT_Groups_Slomo.uasset" 92
"../../../Engine/Content/EditorMaterials/MatineeGroups/MAT_Groups_Sound.uasset" 93
"../../../Engine/Content/EditorMaterials/MatineeGroups/MAT_Groups_Vector.uasset" 94
"../../../Engine/Content/EditorMaterials/ParticleSystems/PSysThumbnail_NoImage.uasset" 95
"../../../Engine/Content/EditorMaterials/ParticleSystems/PSysThumbnail_OOD.uasset" 96
"../../../Engine/Content/EditorMaterials/Camera/CineMat.uasset" 97
"../../../Engine/Content/EditorMaterials/Camera/MI_CineMat_Rig.uasset" 98
"../../../Engine/Content/EditorMeshes/Camera/SM_CraneRig_Arm.uasset" 99
"../../../Engine/Content/EditorMeshes/Camera/SM_CraneRig_Base.uasset" 100
"../../../Engine/Content/EditorMeshes/Camera/SM_CraneRig_Body.uasset" 101
"../../../Engine/Content/EditorMeshes/Camera/SM_CraneRig_Mount.uasset" 102
"../../../Engine/Content/EditorMeshes/Camera/SM_RailRig_Mount.uasset" 103
"../../../Engine/Content/EditorMeshes/Camera/SM_RailRig_Track.uasset" 104
"../../../Engine/Content/EditorMeshes/ColorCalibrator/M_ChromeBall.uasset" 105
"../../../Engine/Content/EditorMeshes/ColorCalibrator/M_ClearCoat.uasset" 106
"../../../Engine/Content/EditorMeshes/ColorCalibrator/M_ClearCoatBlack.uasset" 107
"../../../Engine/Content/EditorMeshes/ColorCalibrator/T_ColorGrid.uasset" 108
"../../../Engine/Content/EditorMeshes/ColorCalibrator/M_ColorGrid.uasset" 109
"../../../Engine/Content/EditorMeshes/ColorCalibrator/M_GreyBall.uasset" 110
"../../../Engine/Content/EditorMeshes/ColorCalibrator/SM_ColorCalibrator.uasset" 111
"../../../Engine/Content/EditorResources/BSPVertex.uasset" 112
"../../../Engine/Content/EditorResources/EmptyActor.uasset" 113
"../../../Engine/Content/EditorResources/S_Actor.uasset" 114
"../../../Engine/Content/EditorResources/S_Trigger.uasset" 115
"../../../Engine/Content/EditorResources/SequenceRecorder/Countdown.uasset" 116
"../../../Engine/Content/EditorResources/SequenceRecorder/RecordingIndicator.uasset" 117
"../../../Engine/Content/EditorSounds/Notifications/CompileFailed.uasset" 118
"../../../Engine/Content/EditorSounds/Notifications/CompileFailed_Cue.uasset" 119
"../../../Engine/Content/EditorSounds/Notifications/CompileSuccess.uasset" 120
"../../../Engine/Content/EditorSounds/Notifications/CompileStart_Cue.uasset" 121
"../../../Engine/Content/EditorSounds/Notifications/CompileSuccess_Cue.uasset" 122
"../../../Engine/Content/EngineDamageTypes/DmgTypeBP_Environmental.uasset" 123
"../../../Engine/Content/EngineDebugMaterials/HeatmapGradient.uasset" 124
"../../../Engine/Content/EngineDebugMaterials/BoneWeightMaterial.uasset" 125
"../../../Engine/Content/EngineDebugMaterials/ClothMaterial.uasset" 126
"../../../Engine/Content/EngineDebugMaterials/ClothMaterial_WF.uasset" 127
"../../../Engine/Content/EngineDebugMaterials/DebugEditorMaterial.uasset" 128
"../../../Engine/Content/EngineDebugMaterials/DebugMeshMaterial.uasset" 129
"../../../Engine/Content/EngineDebugMaterials/GeomMaterial.uasset" 130
"../../../Engine/Content/EngineFonts/Faces/RobotoBold.uasset" 131
"../../../Engine/Content/EngineFonts/Faces/RobotoBoldItalic.uasset" 132
"../../../Engine/Content/EngineFonts/Faces/RobotoItalic.uasset" 133
"../../../Engine/Content/EngineFonts/Faces/RobotoLight.uasset" 134
"../../../Engine/Content/EngineFonts/Faces/RobotoRegular.uasset" 135
"../../../Engine/Content/EngineFonts/Roboto.uasset" 136
"../../../Engine/Content/EngineFonts/Faces/RobotoTiny.uasset" 137
"../../../Engine/Content/EngineFonts/RobotoTiny.uasset" 138
"../../../Engine/Content/EngineMaterials/DefaultBloomKernel.uasset" 139
"../../../Engine/Content/EngineMaterials/DefaultBokeh.uasset" 140
"../../../Engine/Content/EngineMaterials/DefaultDiffuse.uasset" 141
"../../../Engine/Content/EngineMaterials/DefaultDeferredDecalMaterial.uasset" 142
"../../../Engine/Content/EngineMaterials/DefaultLightFunctionMaterial.uasset" 143
"../../../Engine/Content/EngineMaterials/DefaultPhysicalMaterial.uasset" 144
"../../../Engine/Content/Functions/Engine_MaterialFunctions02/Utility/BreakOutFloat2Components.uasset" 145
"../../../Engine/Content/EngineMaterials/DefaultPostProcessMaterial.uasset" 146
"../../../Engine/Content/EngineFonts/RobotoDistanceField.uasset" 147
"../../../Engine/Content/EngineMaterials/DefaultTextMaterialOpaque.uasset" 148
"../../../Engine/Content/EngineMaterials/DefaultWhiteGrid.uasset" 149
"../../../Engine/Content/EngineMaterials/EditorBrushMaterial.uasset" 150
"../../../Engine/Content/EngineMaterials/Good64x64TilingNoiseHighFreq.uasset" 151
"../../../Engine/Content/EngineMaterials/MiniFont.uasset" 152
"../../../Engine/Content/EngineMaterials/InvalidLightmapSettings.uasset" 153
"../../../Engine/Content/EngineMaterials/M_InvalidLightmapSettings.uasset" 154
"../../../Engine/Content/EngineMaterials/PhAT_JointLimitMaterial.uasset" 155
"../../../Engine/Content/EngineMaterials/PreintegratedSkinBRDF.uasset" 156
"../../../Engine/Content/EngineMaterials/RemoveSurfaceMaterial.uasset" 157
"../../../Engine/Content/EngineMaterials/WeightMapPlaceholderTexture.uasset" 158
"../../../Engine/Content/EngineResources/WhiteSquareTexture.uasset" 159
"../../../Engine/Content/EngineMaterials/Widget3DPassThrough.uasset" 160
"../../../Engine/Content/EngineMaterials/Widget3DPassThrough_Masked.uasset" 161
"../../../Engine/Content/EngineMaterials/Widget3DPassThrough_Opaque.uasset" 162
"../../../Engine/Content/EngineMaterials/Widget3DPassThrough_Masked_OneSided.uasset" 163
"../../../Engine/Content/EngineMaterials/Widget3DPassThrough_Opaque_OneSided.uasset" 164
"../../../Engine/Content/EngineMaterials/Widget3DPassThrough_Translucent.uasset" 165
"../../../Engine/Content/EngineMaterials/Widget3DPassThrough_Translucent_OneSided.uasset" 166
"../../../Engine/Content/EngineMeshes/Cube.uasset" 167
"../../../Engine/Content/EngineMeshes/Cylinder.uasset" 168
"../../../Engine/Content/EngineMeshes/Sphere.uasset" 169
"../../../Engine/Content/EngineResources/Black.uasset" 170
"../../../Engine/Content/EngineResources/DefaultTexture.uasset" 171
"../../../Engine/Content/EngineResources/DefaultTextureCube.uasset" 172
"../../../Engine/Content/EngineResources/GradientTexture0.uasset" 173
"../../../Engine/Content/EngineSounds/Master.uasset" 174
"../../../Engine/Content/Functions/Engine_MaterialFunctions01/Shading/ConvertFromDiffSpec.uasset" 175
"../../../Engine/Content/Functions/Engine_MaterialFunctions01/Shading/PowerToRoughness.uasset" 176
"../../../Engine/Content/Maps/Templates/Thumbnails/Default.uasset" 177
"../../../Engine/Content/Maps/Templates/Thumbnails/VR-Basic.uasset" 178
"../../../Engine/Content/MobileResources/T_MobileControls_texture.uasset" 179
"../../../Engine/Content/MobileResources/T_MobileMenu2.uasset" 180
"../../../Engine/Content/MobileResources/HUD/AnalogHat.uasset" 181
"../../../Engine/Content/MobileResources/HUD/VirtualJoystick_Background.uasset" 182
"../../../Engine/Content/MobileResources/HUD/VirtualJoystick_Thumb.uasset" 183
"../../../Engine/Content/MobileResources/HUD/DefaultVirtualJoysticks.uasset" 184
"../../../Engine/Content/MobileResources/HUD/LeftVirtualJoystickOnly.uasset" 185
"../../../Engine/Content/MobileResources/HUD/MobileHUDButton1_off.uasset" 186
"../../../Engine/Content/MobileResources/HUD/MobileHUDButton1_on.uasset" 187
"../../../Engine/Content/MobileResources/HUD/MobileHUDButton2_off.uasset" 188
"../../../Engine/Content/MobileResources/HUD/MobileHUDButton2_on.uasset" 189
"../../../Engine/Content/MobileResources/HUD/MobileHUDButton3.uasset" 190
"../../../Engine/Content/MobileResources/HUD/MobileHUDButtonFire.uasset" 191
"../../../Engine/Content/MobileResources/HUD/MobileHUDDirectionPad.uasset" 192
"../../../Engine/Content/MobileResources/HUD/MobileHUDDirectionPad2.uasset" 193
"../../../Engine/Content/MobileResources/HUD/MobileHUDDirectionPad3.uasset" 194
"../../../Engine/Content/MobileResources/HUD/MobileHUDDirectionStick.uasset" 195
"../../../Engine/Content/MobileResources/HUD/T_Castle_ThumbstickInner.uasset" 196
"../../../Engine/Content/MobileResources/HUD/T_Castle_ThumbstickOutter.uasset" 197
"../../../Engine/Content/Tutorial/ContentIntroCurve.uasset" 198
"../../../Engine/Content/Tutorial/Basics/TutorialAssets/icon_tab_Levels_40x.uasset" 199
"../../../Engine/Content/Tutorial/BlueprintTutorials/TutorialAssets/BlueprintInterface_64x.uasset" 200
"../../../Engine/Content/Tutorial/BlueprintTutorials/TutorialAssets/BlueprintMacroLibrary_64x.uasset" 201
"../../../Engine/Content/Tutorial/BlueprintTutorials/TutorialAssets/Blueprint_64x.uasset" 202
"../../../Engine/Content/Tutorial/BlueprintTutorials/TutorialAssets/Tutorial_BP_Interface.uasset" 203
"../../../Engine/Content/Tutorial/Foliage/TutorialAssets/Foliage.uasset" 204
"../../../Engine/Content/Tutorial/Landscape/TutorialAssets/Landscape.uasset" 205
"../../../Engine/Content/Tutorial/Paper2D/TutorialAssets/Paper2DFlipbook_TutorialIcon.uasset" 206
"../../../Engine/Content/Tutorial/Paper2D/TutorialAssets/Paper2DSprite_TutorialIcon.uasset" 207
"../../../Engine/Content/Tutorial/SubEditors/TutorialAssets/icon_Editor_Preferences_General_40x.uasset" 208
"../../../Engine/Content/Tutorial/SubEditors/TutorialAssets/icon_ShowSkeletalMeshes_40x.uasset" 209
"../../../Engine/Content/Tutorial/SubEditors/TutorialAssets/TutorialMaterial.uasset" 210
"../../../Engine/Content/Tutorial/SubEditors/TutorialAssets/T_SmokeSubUV_8X8.uasset" 211
"../../../Engine/Content/Tutorial/SubEditors/TutorialAssets/T_soft_smoke.uasset" 212
"../../../Engine/Content/Tutorial/SubEditors/TutorialAssets/M_smoke_subUV_blackbody.uasset" 213
"../../../Engine/Content/Tutorial/SubEditors/TutorialAssets/TutorialParticleSystem.uasset" 214
"../../../Engine/Content/EditorMeshes/EditorCube.uasset" 215
"../../../Engine/Content/Tutorial/SubEditors/TutorialAssets/Tutorial_DM.uasset" 216
"../../../Engine/Content/VREditor/Devices/Generic/GenericHMDMaterial.uasset" 217
"../../../Engine/Content/VREditor/Devices/Generic/GenericHMD.uasset" 218
"../../../Engine/Content/VREditor/FloatingText/LineMaterial.uasset" 219
"../../../Engine/Content/VREditor/FloatingText/JointSphere.uasset" 220
"../../../Engine/Content/VREditor/FloatingText/LineSegmentCylinder.uasset" 221
"../../../Engine/Content/VREditor/Fonts/VRText_RobotoLarge.uasset" 222
"../../../Engine/Content/VREditor/Fonts/VRTextMaterial.uasset" 223
"../../../Engine/Content/VREditor/Fonts/TranslucentVRTextMaterial.uasset" 224
"../../../Engine/Content/VREditor/LaserPointer/CursorPointer.uasset" 225
"../../../Engine/Content/VREditor/LaserPointer/VR_LaserPower_01.uasset" 226
"../../../Engine/Content/VREditor/TransformGizmo/TransformGizmoMaterial.uasset" 227
"../../../Engine/Content/VREditor/LaserPointer/HoverMaterial.uasset" 228
"../../../Engine/Content/VREditor/TransformGizmo/TranslucentTransformGizmoMaterial.uasset" 229
"../../../Engine/Content/VREditor/LaserPointer/TranslucentHoverMaterial.uasset" 230
"../../../Engine/Content/VREditor/LaserPointer/HoverMesh.uasset" 231
"../../../Engine/Content/VREditor/LaserPointer/LaserPointerMaterial.uasset" 232
"../../../Engine/Content/VREditor/LaserPointer/LaserPointerMaterialInst.uasset" 233
"../../../Engine/Content/VREditor/LaserPointer/TranslucentLaserPointerMaterialInst.uasset" 234
"../../../Engine/Content/VREditor/LaserPointer/LaserPointerMesh.uasset" 235
"../../../Engine/Content/VREditor/LaserPointer/LaserPointerMesh_End.uasset" 236
"../../../Engine/Content/VREditor/LaserPointer/LaserPointerMesh_Start.uasset" 237
"../../../Engine/Content/Functions/Engine_MaterialFunctions02/Utility/BreakOutFloat3Components.uasset" 238
"../../../Engine/Content/Functions/Engine_MaterialFunctions02/Math/Transform3x3Matrix.uasset" 239
"../../../Engine/Content/Functions/Engine_MaterialFunctions02/SplitComponents.uasset" 240
"../../../Engine/Content/Functions/Engine_MaterialFunctions02/Utility/MakeFloat3.uasset" 241
"../../../Engine/Content/VREditor/SnapGrid/SnapGridMaterial.uasset" 242
"../../../Engine/Content/VREditor/SnapGrid/SnapGridPlaneMesh.uasset" 243
"../../../Engine/Content/VREditor/Sounds/VR_teleport.uasset" 244
"../../../Engine/Content/VREditor/Sounds/UI/Click_on_Button_Cue.uasset" 245
"../../../Engine/Content/VREditor/Sounds/UI/Dockable_Window_Close.uasset" 246
"../../../Engine/Content/VREditor/Sounds/UI/Dockable_Window_Drop.uasset" 247
"../../../Engine/Content/VREditor/Sounds/UI/Dockable_Window_Open.uasset" 248
"../../../Engine/Content/VREditor/Sounds/UI/Dockable_Window_Pick_Up.uasset" 249
"../../../Engine/Content/VREditor/Sounds/UI/Drop_Item_From_ContentBrowser.uasset" 250
"../../../Engine/Content/VREditor/Sounds/UI/Floating_UI_Open-001.uasset" 251
"../../../Engine/Content/VREditor/Sounds/UI/Gizmo_Handle_Clicked.uasset" 252
"../../../Engine/Content/VREditor/Sounds/UI/Object_PickUp.uasset" 253
"../../../Engine/Content/VREditor/Sounds/UI/Object_Snaps_To_Another_Actor.uasset" 254
"../../../Engine/Content/VREditor/Sounds/UI/Object_Snaps_To_Grid.uasset" 255
"../../../Engine/Content/VREditor/Sounds/UI/Radial_Menu_FadeOut.uasset" 256
"../../../Engine/Content/VREditor/Sounds/UI/Scaling_Down.uasset" 257
"../../../Engine/Content/VREditor/Sounds/UI/Scaling_Up.uasset" 258
"../../../Engine/Content/VREditor/Sounds/UI/Selection_Changes.uasset" 259
"../../../Engine/Content/VREditor/Sounds/UI/Teleport_Mode_Entered.uasset" 260
"../../../Engine/Content/VREditor/Teleport/TeleportDirectionMaterial.uasset" 261
"../../../Engine/Content/VREditor/Teleport/TeleportDirectionMaterial_Inst.uasset" 262
"../../../Engine/Content/VREditor/Teleport/TeleportDirectionMesh.uasset" 263
"../../../Engine/Content/VREditor/TransformGizmo/BoundingBoxCorner.uasset" 264
"../../../Engine/Content/VREditor/TransformGizmo/BoundingBoxEdge.uasset" 265
"../../../Engine/Content/VREditor/TransformGizmo/PlaneTranslationHandle.uasset" 266
"../../../Engine/Content/VREditor/TransformGizmo/RotationHandleFull.uasset" 267
"../../../Engine/Content/VREditor/TransformGizmo/RotationHandleIndicator.uasset" 268
"../../../Engine/Content/VREditor/TransformGizmo/RotationHandleQuarter.uasset" 269
"../../../Engine/Content/VREditor/TransformGizmo/Main.uasset" 270
"../../../Engine/Content/VREditor/TransformGizmo/Xray.uasset" 271
"../../../Engine/Content/VREditor/TransformGizmo/SM_Dialog_Close.uasset" 272
"../../../Engine/Content/VREditor/TransformGizmo/SM_Dialog_Move.uasset" 273
"../../../Engine/Content/VREditor/TransformGizmo/SM_Sequencer_Key.uasset" 274
"../../../Engine/Content/VREditor/TransformGizmo/StartRotationHandleIndicator.uasset" 275
"../../../Engine/Content/VREditor/TransformGizmo/TranslucentTransformGizmoMaterial_Inst.uasset" 276
"../../../Engine/Content/VREditor/TransformGizmo/TransformGizmoFreeRotation.uasset" 277
"../../../Engine/Content/VREditor/TransformGizmo/TransformGizmoMaterial_Inst.uasset" 278
"../../../Engine/Content/VREditor/TransformGizmo/TranslateArrowHandle.uasset" 279
"../../../Engine/Content/VREditor/TransformGizmo/UniformScaleHandle.uasset" 280
"../../../Engine/Content/VREditor/UI/KeyDiskMaterial.uasset" 281
"../../../Engine/Content/VREditor/UI/DiscMaterial.uasset" 282
"../../../Engine/Content/VREditor/UI/SM_Radial_Disk.uasset" 283
"../../../Engine/Content/VREditor/WorldMovementGrid/SimpleGrid.uasset" 284
"../../../Engine/Content/VREditor/WorldMovementGrid/GridMaterial.uasset" 285
"../../../Engine/Content/Functions/Engine_MaterialFunctions01/Density/ExponentialDensity.uasset" 286
"../../../Engine/Content/VREditor/WorldMovementGrid/GridPostProcess.uasset" 287
"../../../Engine/Content/EditorLandscapeResources/FlattenHeightMat.uasset" 288
"../../../Engine/Content/VREditor/WorldMovementGrid/PlaneMesh.uasset" 289
"../../../Engine/Plugins/2D/Paper2D/Content/PlaceholderTextures/DummySpriteTexture.uasset" 290
"../../../Engine/Plugins/2D/Paper2D/Content/DummySprite.uasset" 291
"../../../Engine/Plugins/2D/Paper2D/Content/DefaultPaperTerrainMaterial.uasset" 292
"../../../Engine/Plugins/2D/Paper2D/Content/DefaultSpriteMaterial.uasset" 293
"../../../Engine/Plugins/2D/Paper2D/Content/MaskedUnlitSpriteMaterial.uasset" 294
"../../../Engine/Plugins/2D/Paper2D/Content/OpaqueUnlitSpriteMaterial.uasset" 295
"../../../Engine/Plugins/Runtime/Oculus/OculusVR/Content/Textures/GearVRController_AO.uasset" 296
"../../../Engine/Plugins/Runtime/Oculus/OculusVR/Content/Textures/GearVRController_Color.uasset" 297
"../../../Engine/Plugins/Runtime/Oculus/OculusVR/Content/Textures/GearVRController_Normal.uasset" 298
"../../../Engine/Plugins/Runtime/Oculus/OculusVR/Content/Materials/GearVRControllerMaterial.uasset" 299
"../../../Engine/Plugins/Runtime/Oculus/OculusVR/Content/Meshes/GearVrController.uasset" 300
"../../../PsychoPass/Content/Blueprints/BuildingTools/BuildingBlockInfo.uasset" 301
"../../../PsychoPass/Content/StarterContent/Materials/M_Basic_Wall.uasset" 302
"../../../PsychoPass/Content/StarterContent/Architecture/Wall_400x400.uasset" 303
"../../../PsychoPass/Content/Blueprints/WallActor.uasset" 304
"../../../PsychoPass/Content/Materials/Mat_BaseWall.uasset" 305
"../../../PsychoPass/Content/Materials/Mat_BaseWall_Inst.uasset" 306
"../../../PsychoPass/Content/Materials/Mat_BaseWall_Inst1.uasset" 307
"../../../PsychoPass/Content/Meshes/OldFloorBlock_200x200x50.uasset" 308
"../../../PsychoPass/Content/Blueprints/BuildingTools/SplineBuildingFloor.uasset" 309
"../../../PsychoPass/Content/Blueprints/BuildingTools/SplineBuildingWalls.uasset" 310
"../../../PsychoPass/Content/Blueprints/Spawner.uasset" 311
"../../../PsychoPass/Content/Levels/Town_1_BuiltData.uasset" 312
"../../../PsychoPass/Content/StarterContent/Textures/T_Ground_Grass_D.uasset" 313
"../../../PsychoPass/Content/StarterContent/Textures/T_Ground_Grass_N.uasset" 314
"../../../PsychoPass/Content/StarterContent/Textures/T_MacroVariation.uasset" 315
"../../../PsychoPass/Content/StarterContent/Textures/T_Perlin_Noise_M.uasset" 316
"../../../PsychoPass/Content/StarterContent/Materials/M_Ground_Grass.uasset" 317
"../../../PsychoPass/Content/StarterContent/Textures/T_Brick_Clay_New_D.uasset" 318
"../../../PsychoPass/Content/StarterContent/Textures/T_Brick_Clay_New_M.uasset" 319
"../../../PsychoPass/Content/StarterContent/Textures/T_Brick_Clay_New_N.uasset" 320
"../../../PsychoPass/Content/StarterContent/Textures/T_Detail_Rocky_N.uasset" 321
"../../../PsychoPass/Content/StarterContent/Materials/M_Brick_Clay_New.uasset" 322
"../../../PsychoPass/Content/StarterContent/Materials/M_Brick_Clay_New_Inst.uasset" 323
"../../../PsychoPass/Content/Meshes/FloorBlock_200x200x20.uasset" 324
"../../../PsychoPass/Content/Meshes/wall_with_window_200x20x350.uasset" 325
"../../../PsychoPass/Content/Meshes/WallBlock_200x20x350.uasset" 326
"../../../PsychoPass/Content/Meshes/WallWithDoorBlock_200x20x350.uasset" 327
"../../../PsychoPass/Content/StarterContent/HDRI/HDRI_Epic_Courtyard_Daylight.uasset" 328
"../../../PsychoPass/Content/Levels/Town_1.umap" 329
"../../../Engine/Content/Maps/Entry.umap" 330
